#
# There is insufficient memory for the Java Runtime Environment to continue.
# Native memory allocation (malloc) failed to allocate 251136 bytes for Chunk::new
# Possible reasons:
#   The system is out of physical RAM or swap space
#   The process is running with CompressedOops enabled, and the Java Heap may be blocking the growth of the native heap
# Possible solutions:
#   Reduce memory load on the system
#   Increase physical memory or swap space
#   Check if swap backing store is full
#   Decrease Java heap size (-Xmx/-Xms)
#   Decrease number of Java threads
#   Decrease Java thread stack sizes (-Xss)
#   Set larger code cache with -XX:ReservedCodeCacheSize=
#   JVM is running with Unscaled Compressed Oops mode in which the Java heap is
#     placed in the first 4GB address space. The Java Heap base address is the
#     maximum limit for the native heap growth. Please use -XX:HeapBaseMinAddress
#     to set the Java Heap base and to place the Java Heap above 4GB virtual address.
# This output file may be truncated or incomplete.
#
#  Out of Memory Error (arena.cpp:189), pid=17760, tid=10400
#
# JRE version: OpenJDK Runtime Environment Temurin-17.0.1+12 (17.0.1+12) (build 17.0.1+12)
# Java VM: OpenJDK 64-Bit Server VM Temurin-17.0.1+12 (17.0.1+12, mixed mode, tiered, compressed oops, compressed class ptrs, g1 gc, windows-amd64)
# No core dump will be written. Minidumps are not enabled by default on client versions of Windows
#

---------------  S U M M A R Y ------------

Command Line: -ea -Dfile.encoding=Cp1252 -XX:+ShowCodeDetailsInExceptionMessages org.testng.remote.RemoteTestNG -serport 54717 -protocol json -d D:\ws\E$ignlyNew\ESignlyNew\test-output D:\ws\E$ignlyNew\ESignlyNew\testng.xml

Host: Intel(R) Core(TM) i5-4590T CPU @ 2.00GHz, 4 cores, 3G,  Windows 10 , 64 bit Build 19041 (10.0.19041.1348)
Time: Tue Jul 12 15:21:38 2022 India Standard Time elapsed time: 15.687557 seconds (0d 0h 0m 15s)

---------------  T H R E A D  ---------------

Current thread (0x000002af7984fc30):  JavaThread "C2 CompilerThread0" daemon [_thread_in_native, id=10400, stack(0x000000bbcf200000,0x000000bbcf300000)]


Current CompileTask:
C2:  15687 2438       4       java.util.Properties$LineReader::readLine (584 bytes)

Stack: [0x000000bbcf200000,0x000000bbcf300000]
Native frames: (J=compiled Java code, j=interpreted, Vv=VM code, C=native code)
V  [jvm.dll+0x6744da]
V  [jvm.dll+0x82e144]
V  [jvm.dll+0x82f8ee]
V  [jvm.dll+0x82ff53]
V  [jvm.dll+0x245175]
V  [jvm.dll+0xab85b]
V  [jvm.dll+0xabdec]
V  [jvm.dll+0x2abf6f]
V  [jvm.dll+0x57b849]
V  [jvm.dll+0x22022d]
V  [jvm.dll+0x22060f]
V  [jvm.dll+0x219e6a]
V  [jvm.dll+0x217345]
V  [jvm.dll+0x1a355d]
V  [jvm.dll+0x226e38]
V  [jvm.dll+0x224f7c]
V  [jvm.dll+0x7e3f5b]
V  [jvm.dll+0x7de51a]
V  [jvm.dll+0x673305]
C  [ucrtbase.dll+0x21bb2]
C  [KERNEL32.DLL+0x17034]
C  [ntdll.dll+0x52651]


---------------  P R O C E S S  ---------------

Threads class SMR info:
_java_thread_list=0x000002af7b951820, length=26, elements={
0x000002af717423c0, 0x000002af797bcb30, 0x000002af797be500, 0x000002af79812580,
0x000002af79813130, 0x000002af79816b00, 0x000002af798194c0, 0x000002af7984fc30,
0x000002af79850d40, 0x000002af79851f10, 0x000002af7a561e90, 0x000002af7a578460,
0x000002af7adcf920, 0x000002af7b17ee60, 0x000002af7b173440, 0x000002af7b174130,
0x000002af7b4838a0, 0x000002af7b5d8af0, 0x000002af7b9fb420, 0x000002af7b9f9c10,
0x000002af7b9fbdc0, 0x000002af7b9f9270, 0x000002af7b9fb8f0, 0x000002af7b9fa0e0,
0x000002af7b9f9740, 0x000002af7b9fa5b0
}

Java Threads: ( => current thread )
  0x000002af717423c0 JavaThread "main" [_thread_in_Java, id=14588, stack(0x000000bbce400000,0x000000bbce500000)]
  0x000002af797bcb30 JavaThread "Reference Handler" daemon [_thread_blocked, id=6392, stack(0x000000bbceb00000,0x000000bbcec00000)]
  0x000002af797be500 JavaThread "Finalizer" daemon [_thread_blocked, id=16596, stack(0x000000bbcec00000,0x000000bbced00000)]
  0x000002af79812580 JavaThread "Signal Dispatcher" daemon [_thread_blocked, id=17272, stack(0x000000bbcee00000,0x000000bbcef00000)]
  0x000002af79813130 JavaThread "Attach Listener" daemon [_thread_blocked, id=15728, stack(0x000000bbcef00000,0x000000bbcf000000)]
  0x000002af79816b00 JavaThread "Service Thread" daemon [_thread_blocked, id=15204, stack(0x000000bbcf000000,0x000000bbcf100000)]
  0x000002af798194c0 JavaThread "Monitor Deflation Thread" daemon [_thread_blocked, id=14472, stack(0x000000bbcf100000,0x000000bbcf200000)]
=>0x000002af7984fc30 JavaThread "C2 CompilerThread0" daemon [_thread_in_native, id=10400, stack(0x000000bbcf200000,0x000000bbcf300000)]
  0x000002af79850d40 JavaThread "C1 CompilerThread0" daemon [_thread_blocked, id=8048, stack(0x000000bbcf300000,0x000000bbcf400000)]
  0x000002af79851f10 JavaThread "Sweeper thread" daemon [_thread_blocked, id=11516, stack(0x000000bbcf400000,0x000000bbcf500000)]
  0x000002af7a561e90 JavaThread "Notification Thread" daemon [_thread_blocked, id=15788, stack(0x000000bbcf500000,0x000000bbcf600000)]
  0x000002af7a578460 JavaThread "Common-Cleaner" daemon [_thread_blocked, id=13480, stack(0x000000bbcf700000,0x000000bbcf800000)]
  0x000002af7adcf920 JavaThread "ReaderThread" [_thread_in_native, id=2516, stack(0x000000bbcfb00000,0x000000bbcfc00000)]
  0x000002af7b17ee60 JavaThread "ForkJoinPool.commonPool-worker-1" daemon [_thread_blocked, id=15880, stack(0x000000bbcfd00000,0x000000bbcfe00000)]
  0x000002af7b173440 JavaThread "ForkJoinPool.commonPool-worker-2" daemon [_thread_blocked, id=8200, stack(0x000000bbcfe00000,0x000000bbcff00000)]
  0x000002af7b174130 JavaThread "ForkJoinPool.commonPool-worker-3" daemon [_thread_blocked, id=12552, stack(0x000000bbcff00000,0x000000bbd0000000)]
  0x000002af7b4838a0 JavaThread "AsyncHttpClient-1-1" daemon [_thread_blocked, id=17160, stack(0x000000bbd0000000,0x000000bbd0100000)]
  0x000002af7b5d8af0 JavaThread "Exec Default Executor" daemon [_thread_in_native, id=17532, stack(0x000000bbd0100000,0x000000bbd0200000)]
  0x000002af7b9fb420 JavaThread "Driver Service Executor" daemon [_thread_blocked, id=5976, stack(0x000000bbd0200000,0x000000bbd0300000)]
  0x000002af7b9f9c10 JavaThread "Driver Service Executor" daemon [_thread_blocked, id=12848, stack(0x000000bbd0300000,0x000000bbd0400000)]
  0x000002af7b9fbdc0 JavaThread "UrlChecker-2" daemon [_thread_blocked, id=11524, stack(0x000000bbd0400000,0x000000bbd0500000)]
  0x000002af7b9f9270 JavaThread "Exec Stream Pumper" daemon [_thread_in_native, id=1688, stack(0x000000bbd0500000,0x000000bbd0600000)]
  0x000002af7b9fb8f0 JavaThread "Exec Stream Pumper" daemon [_thread_in_native, id=17512, stack(0x000000bbd0600000,0x000000bbd0700000)]
  0x000002af7b9fa0e0 JavaThread "AsyncHttpClient-1-2" daemon [_thread_in_native, id=8832, stack(0x000000bbd0800000,0x000000bbd0900000)]
  0x000002af7b9f9740 JavaThread "AsyncHttpClient-1-3" daemon [_thread_in_native, id=17700, stack(0x000000bbd0700000,0x000000bbd0800000)]
  0x000002af7b9fa5b0 JavaThread "AsyncHttpClient-1-4" daemon [_thread_in_native, id=1152, stack(0x000000bbd0900000,0x000000bbd0a00000)]

Other Threads:
  0x000002af717f7b90 VMThread "VM Thread" [stack: 0x000000bbcea00000,0x000000bbceb00000] [id=18120]
  0x000002af7a562360 WatcherThread [stack: 0x000000bbcf600000,0x000000bbcf700000] [id=13208]
  0x000002af71771b50 GCTaskThread "GC Thread#0" [stack: 0x000000bbce500000,0x000000bbce600000] [id=17280]
  0x000002af7aba9a80 GCTaskThread "GC Thread#1" [stack: 0x000000bbcf800000,0x000000bbcf900000] [id=8864]
  0x000002af7a658370 GCTaskThread "GC Thread#2" [stack: 0x000000bbcf900000,0x000000bbcfa00000] [id=6508]
  0x000002af7b1584d0 GCTaskThread "GC Thread#3" [stack: 0x000000bbcfc00000,0x000000bbcfd00000] [id=14628]
  0x000002af7177b820 ConcurrentGCThread "G1 Main Marker" [stack: 0x000000bbce600000,0x000000bbce700000] [id=18032]
  0x000002af7177c230 ConcurrentGCThread "G1 Conc#0" [stack: 0x000000bbce700000,0x000000bbce800000] [id=7736]
  0x000002af717cab60 ConcurrentGCThread "G1 Refine#0" [stack: 0x000000bbce800000,0x000000bbce900000] [id=17764]
  0x000002af717cbe60 ConcurrentGCThread "G1 Service" [stack: 0x000000bbce900000,0x000000bbcea00000] [id=17560]

Threads with active compile tasks:
C2 CompilerThread0    15727 2438       4       java.util.Properties$LineReader::readLine (584 bytes)

VM state: not at safepoint (normal execution)

VM Mutex/Monitor currently owned by a thread: None

Heap address: 0x00000000c1400000, size: 1004 MB, Compressed Oops mode: 32-bit

CDS archive(s) not mapped
Compressed class space mapped at: 0x0000000100000000-0x0000000140000000, reserved size: 1073741824
Narrow klass base: 0x0000000000000000, Narrow klass shift: 3, Narrow klass range: 0x140000000

GC Precious Log:
 CPUs: 4 total, 4 available
 Memory: 4013M
 Large Page Support: Disabled
 NUMA Support: Disabled
 Compressed Oops: Enabled (32-bit)
 Heap Region Size: 1M
 Heap Min Capacity: 8M
 Heap Initial Capacity: 64M
 Heap Max Capacity: 1004M
 Pre-touch: Disabled
 Parallel Workers: 4
 Concurrent Workers: 1
 Concurrent Refinement Workers: 4
 Periodic GC: Disabled

Heap:
 garbage-first heap   total 61440K, used 36819K [0x00000000c1400000, 0x0000000100000000)
  region size 1024K, 16 young (16384K), 2 survivors (2048K)
 Metaspace       used 33553K, committed 33792K, reserved 1081344K
  class space    used 3834K, committed 3904K, reserved 1048576K

Heap Regions: E=young(eden), S=young(survivor), O=old, HS=humongous(starts), HC=humongous(continues), CS=collection set, F=free, OA=open archive, CA=closed archive, TAMS=top-at-mark-start (previous, next)
|   0|0x00000000c1400000, 0x00000000c1500000, 0x00000000c1500000|100%| O|  |TAMS 0x00000000c1500000, 0x00000000c1400000| Untracked 
|   1|0x00000000c1500000, 0x00000000c1600000, 0x00000000c1600000|100%| O|  |TAMS 0x00000000c1600000, 0x00000000c1500000| Untracked 
|   2|0x00000000c1600000, 0x00000000c1700000, 0x00000000c1700000|100%| O|  |TAMS 0x00000000c1700000, 0x00000000c1600000| Untracked 
|   3|0x00000000c1700000, 0x00000000c1800000, 0x00000000c1800000|100%|HS|  |TAMS 0x00000000c1800000, 0x00000000c1700000| Complete 
|   4|0x00000000c1800000, 0x00000000c1900000, 0x00000000c1900000|100%|HS|  |TAMS 0x00000000c1900000, 0x00000000c1800000| Complete 
|   5|0x00000000c1900000, 0x00000000c1a00000, 0x00000000c1a00000|100%|HC|  |TAMS 0x00000000c1a00000, 0x00000000c1900000| Complete 
|   6|0x00000000c1a00000, 0x00000000c1b00000, 0x00000000c1b00000|100%|HC|  |TAMS 0x00000000c1b00000, 0x00000000c1a00000| Complete 
|   7|0x00000000c1b00000, 0x00000000c1c00000, 0x00000000c1c00000|100%| O|  |TAMS 0x00000000c1c00000, 0x00000000c1b00000| Untracked 
|   8|0x00000000c1c00000, 0x00000000c1d00000, 0x00000000c1d00000|100%| O|  |TAMS 0x00000000c1d00000, 0x00000000c1c00000| Untracked 
|   9|0x00000000c1d00000, 0x00000000c1e00000, 0x00000000c1e00000|100%| O|  |TAMS 0x00000000c1e00000, 0x00000000c1d00000| Untracked 
|  10|0x00000000c1e00000, 0x00000000c1f00000, 0x00000000c1f00000|100%| O|  |TAMS 0x00000000c1ecca00, 0x00000000c1e00000| Untracked 
|  11|0x00000000c1f00000, 0x00000000c2000000, 0x00000000c2000000|100%| O|  |TAMS 0x00000000c1f00000, 0x00000000c1f00000| Untracked 
|  12|0x00000000c2000000, 0x00000000c2100000, 0x00000000c2100000|100%| O|  |TAMS 0x00000000c2000000, 0x00000000c2000000| Untracked 
|  13|0x00000000c2100000, 0x00000000c2158600, 0x00000000c2200000| 34%| O|  |TAMS 0x00000000c2100000, 0x00000000c2100000| Untracked 
|  14|0x00000000c2200000, 0x00000000c2300000, 0x00000000c2300000|100%| O|  |TAMS 0x00000000c2200000, 0x00000000c2200000| Untracked 
|  15|0x00000000c2300000, 0x00000000c2400000, 0x00000000c2400000|100%| O|  |TAMS 0x00000000c2300000, 0x00000000c2300000| Untracked 
|  16|0x00000000c2400000, 0x00000000c24a1400, 0x00000000c2500000| 62%| O|  |TAMS 0x00000000c2400000, 0x00000000c2400000| Untracked 
|  17|0x00000000c2500000, 0x00000000c2600000, 0x00000000c2600000|100%|HS|  |TAMS 0x00000000c2500000, 0x00000000c2500000| Complete 
|  18|0x00000000c2600000, 0x00000000c2700000, 0x00000000c2700000|100%|HC|  |TAMS 0x00000000c2600000, 0x00000000c2600000| Complete 
|  19|0x00000000c2700000, 0x00000000c2800000, 0x00000000c2800000|100%|HC|  |TAMS 0x00000000c2700000, 0x00000000c2700000| Complete 
|  20|0x00000000c2800000, 0x00000000c2900000, 0x00000000c2900000|100%|HC|  |TAMS 0x00000000c2800000, 0x00000000c2800000| Complete 
|  21|0x00000000c2900000, 0x00000000c2a00000, 0x00000000c2a00000|100%|HC|  |TAMS 0x00000000c2900000, 0x00000000c2900000| Complete 
|  22|0x00000000c2a00000, 0x00000000c2a00000, 0x00000000c2b00000|  0%| F|  |TAMS 0x00000000c2a00000, 0x00000000c2a00000| Untracked 
|  23|0x00000000c2b00000, 0x00000000c2b00000, 0x00000000c2c00000|  0%| F|  |TAMS 0x00000000c2b00000, 0x00000000c2b00000| Untracked 
|  24|0x00000000c2c00000, 0x00000000c2c00000, 0x00000000c2d00000|  0%| F|  |TAMS 0x00000000c2c00000, 0x00000000c2c00000| Untracked 
|  25|0x00000000c2d00000, 0x00000000c2d00000, 0x00000000c2e00000|  0%| F|  |TAMS 0x00000000c2d00000, 0x00000000c2d00000| Untracked 
|  26|0x00000000c2e00000, 0x00000000c2e00000, 0x00000000c2f00000|  0%| F|  |TAMS 0x00000000c2e00000, 0x00000000c2e00000| Untracked 
|  27|0x00000000c2f00000, 0x00000000c2f00000, 0x00000000c3000000|  0%| F|  |TAMS 0x00000000c2f00000, 0x00000000c2f00000| Untracked 
|  28|0x00000000c3000000, 0x00000000c3000000, 0x00000000c3100000|  0%| F|  |TAMS 0x00000000c3000000, 0x00000000c3000000| Untracked 
|  29|0x00000000c3100000, 0x00000000c3100000, 0x00000000c3200000|  0%| F|  |TAMS 0x00000000c3100000, 0x00000000c3100000| Untracked 
|  30|0x00000000c3200000, 0x00000000c32fb450, 0x00000000c3300000| 98%| S|CS|TAMS 0x00000000c3200000, 0x00000000c3200000| Complete 
|  31|0x00000000c3300000, 0x00000000c3400000, 0x00000000c3400000|100%| S|CS|TAMS 0x00000000c3300000, 0x00000000c3300000| Complete 
|  32|0x00000000c3400000, 0x00000000c3400000, 0x00000000c3500000|  0%| F|  |TAMS 0x00000000c3400000, 0x00000000c3400000| Untracked 
|  33|0x00000000c3500000, 0x00000000c3500000, 0x00000000c3600000|  0%| F|  |TAMS 0x00000000c3500000, 0x00000000c3500000| Untracked 
|  34|0x00000000c3600000, 0x00000000c3600000, 0x00000000c3700000|  0%| F|  |TAMS 0x00000000c3600000, 0x00000000c3600000| Untracked 
|  35|0x00000000c3700000, 0x00000000c3700000, 0x00000000c3800000|  0%| F|  |TAMS 0x00000000c3700000, 0x00000000c3700000| Untracked 
|  36|0x00000000c3800000, 0x00000000c3800000, 0x00000000c3900000|  0%| F|  |TAMS 0x00000000c3800000, 0x00000000c3800000| Untracked 
|  37|0x00000000c3900000, 0x00000000c3900000, 0x00000000c3a00000|  0%| F|  |TAMS 0x00000000c3900000, 0x00000000c3900000| Untracked 
|  38|0x00000000c3a00000, 0x00000000c3a00000, 0x00000000c3b00000|  0%| F|  |TAMS 0x00000000c3a00000, 0x00000000c3a00000| Untracked 
|  39|0x00000000c3b00000, 0x00000000c3b00000, 0x00000000c3c00000|  0%| F|  |TAMS 0x00000000c3b00000, 0x00000000c3b00000| Untracked 
|  40|0x00000000c3c00000, 0x00000000c3c00000, 0x00000000c3d00000|  0%| F|  |TAMS 0x00000000c3c00000, 0x00000000c3c00000| Untracked 
|  41|0x00000000c3d00000, 0x00000000c3d00000, 0x00000000c3e00000|  0%| F|  |TAMS 0x00000000c3d00000, 0x00000000c3d00000| Untracked 
|  42|0x00000000c3e00000, 0x00000000c3e00000, 0x00000000c3f00000|  0%| F|  |TAMS 0x00000000c3e00000, 0x00000000c3e00000| Untracked 
|  43|0x00000000c3f00000, 0x00000000c3f00000, 0x00000000c4000000|  0%| F|  |TAMS 0x00000000c3f00000, 0x00000000c3f00000| Untracked 
|  44|0x00000000c4000000, 0x00000000c4000000, 0x00000000c4100000|  0%| F|  |TAMS 0x00000000c4000000, 0x00000000c4000000| Untracked 
|  45|0x00000000c4100000, 0x00000000c4100800, 0x00000000c4200000|  0%| E|  |TAMS 0x00000000c4100000, 0x00000000c4100000| Complete 
|  46|0x00000000c4200000, 0x00000000c4300000, 0x00000000c4300000|100%| E|CS|TAMS 0x00000000c4200000, 0x00000000c4200000| Complete 
|  47|0x00000000c4300000, 0x00000000c4400000, 0x00000000c4400000|100%| E|CS|TAMS 0x00000000c4300000, 0x00000000c4300000| Complete 
|  48|0x00000000c4400000, 0x00000000c4500000, 0x00000000c4500000|100%| E|CS|TAMS 0x00000000c4400000, 0x00000000c4400000| Complete 
|  49|0x00000000c4500000, 0x00000000c4600000, 0x00000000c4600000|100%| E|CS|TAMS 0x00000000c4500000, 0x00000000c4500000| Complete 
|  50|0x00000000c4600000, 0x00000000c4700000, 0x00000000c4700000|100%| E|CS|TAMS 0x00000000c4600000, 0x00000000c4600000| Complete 
|  51|0x00000000c4700000, 0x00000000c4800000, 0x00000000c4800000|100%| E|CS|TAMS 0x00000000c4700000, 0x00000000c4700000| Complete 
|  52|0x00000000c4800000, 0x00000000c4900000, 0x00000000c4900000|100%| E|CS|TAMS 0x00000000c4800000, 0x00000000c4800000| Complete 
|  53|0x00000000c4900000, 0x00000000c4a00000, 0x00000000c4a00000|100%| E|CS|TAMS 0x00000000c4900000, 0x00000000c4900000| Complete 
|  54|0x00000000c4a00000, 0x00000000c4b00000, 0x00000000c4b00000|100%| E|CS|TAMS 0x00000000c4a00000, 0x00000000c4a00000| Complete 
|  55|0x00000000c4b00000, 0x00000000c4c00000, 0x00000000c4c00000|100%| E|CS|TAMS 0x00000000c4b00000, 0x00000000c4b00000| Complete 
|  56|0x00000000c4c00000, 0x00000000c4d00000, 0x00000000c4d00000|100%| E|CS|TAMS 0x00000000c4c00000, 0x00000000c4c00000| Complete 
|  57|0x00000000c4d00000, 0x00000000c4e00000, 0x00000000c4e00000|100%| E|CS|TAMS 0x00000000c4d00000, 0x00000000c4d00000| Complete 
|  58|0x00000000c4e00000, 0x00000000c4f00000, 0x00000000c4f00000|100%| E|CS|TAMS 0x00000000c4e00000, 0x00000000c4e00000| Complete 
|  63|0x00000000c5300000, 0x00000000c5400000, 0x00000000c5400000|100%| E|CS|TAMS 0x00000000c5300000, 0x00000000c5300000| Complete 

Card table byte_map: [0x000002af74fe0000,0x000002af751e0000] _byte_map_base: 0x000002af749d6000

Marking Bits (Prev, Next): (CMBitMap*) 0x000002af717731b0, (CMBitMap*) 0x000002af71773170
 Prev Bits: [0x000002af76390000, 0x000002af77340000)
 Next Bits: [0x000002af753e0000, 0x000002af76390000)

Polling page: 0x000002af70f10000

Metaspace:

Usage:
  Non-class:     29.03 MB used.
      Class:      3.75 MB used.
       Both:     32.78 MB used.

Virtual space:
  Non-class space:       32.00 MB reserved,      29.19 MB ( 91%) committed,  4 nodes.
      Class space:        1.00 GB reserved,       3.88 MB ( <1%) committed,  1 nodes.
             Both:        1.03 GB reserved,      33.06 MB (  3%) committed. 

Chunk freelists:
   Non-Class:  2.02 MB
       Class:  3.98 MB
        Both:  6.00 MB

MaxMetaspaceSize: unlimited
CompressedClassSpaceSize: 1.00 GB
Initial GC threshold: 21.00 MB
Current GC threshold: 35.12 MB
CDS: off
MetaspaceReclaimPolicy: balanced
 - commit_granule_bytes: 65536.
 - commit_granule_words: 8192.
 - virtual_space_node_default_size: 1048576.
 - enlarge_chunks_in_place: 1.
 - new_chunks_are_fully_committed: 0.
 - uncommit_free_chunks: 1.
 - use_allocation_guard: 0.
 - handle_deallocations: 1.


Internal statistics:

num_allocs_failed_limit: 3.
num_arena_births: 216.
num_arena_deaths: 0.
num_vsnodes_births: 5.
num_vsnodes_deaths: 0.
num_space_committed: 529.
num_space_uncommitted: 0.
num_chunks_returned_to_freelist: 3.
num_chunks_taken_from_freelist: 892.
num_chunk_merges: 3.
num_chunk_splits: 600.
num_chunks_enlarged: 468.
num_purges: 0.
num_inconsistent_stats: 0.

CodeHeap 'non-profiled nmethods': size=120000Kb used=992Kb max_used=992Kb free=119007Kb
 bounds [0x000002af07ad0000, 0x000002af07d40000, 0x000002af0f000000]
CodeHeap 'profiled nmethods': size=120000Kb used=4622Kb max_used=4622Kb free=115377Kb
 bounds [0x000002af005a0000, 0x000002af00a30000, 0x000002af07ad0000]
CodeHeap 'non-nmethods': size=5760Kb used=1274Kb max_used=1293Kb free=4485Kb
 bounds [0x000002af00000000, 0x000002af00270000, 0x000002af005a0000]
 total_blobs=3024 nmethods=2431 adapters=505
 compilation: enabled
              stopped_count=0, restarted_count=0
 full_count=0

Compilation events (20 events):
Event: 15.653 Thread 0x000002af79850d40 nmethod 2430 0x000002af00a21190 code [0x000002af00a21340, 0x000002af00a215d8]
Event: 15.660 Thread 0x000002af79850d40 2431       3       com.sun.org.apache.xerces.internal.utils.XMLSecurityManager::isOverLimit (111 bytes)
Event: 15.661 Thread 0x000002af79850d40 nmethod 2431 0x000002af00a21690 code [0x000002af00a218a0, 0x000002af00a21ed8]
Event: 15.661 Thread 0x000002af79850d40 2433       3       com.sun.org.apache.xerces.internal.util.XMLChar::isContent (35 bytes)
Event: 15.661 Thread 0x000002af79850d40 nmethod 2433 0x000002af00a22110 code [0x000002af00a222a0, 0x000002af00a224d8]
Event: 15.661 Thread 0x000002af79850d40 2432       3       com.sun.org.apache.xerces.internal.utils.XMLSecurityManager::isOverLimit (10 bytes)
Event: 15.661 Thread 0x000002af79850d40 nmethod 2432 0x000002af00a22590 code [0x000002af00a22740, 0x000002af00a228a8]
Event: 15.661 Thread 0x000002af79850d40 2434       1       com.sun.org.apache.xerces.internal.impl.XMLDocumentFragmentScannerImpl::setScannerState (6 bytes)
Event: 15.661 Thread 0x000002af79850d40 nmethod 2434 0x000002af07bc7890 code [0x000002af07bc7a20, 0x000002af07bc7af8]
Event: 15.662 Thread 0x000002af79850d40 2435       3       com.sun.org.apache.xerces.internal.dom.DeferredDocumentImpl::setChunkIndex (67 bytes)
Event: 15.662 Thread 0x000002af79850d40 nmethod 2435 0x000002af00a22990 code [0x000002af00a22b60, 0x000002af00a22e78]
Event: 15.664 Thread 0x000002af79850d40 2436       3       com.sun.org.apache.xerces.internal.dom.DeferredDocumentImpl::getChunkIndex (16 bytes)
Event: 15.664 Thread 0x000002af79850d40 nmethod 2436 0x000002af00a23010 code [0x000002af00a231c0, 0x000002af00a23398]
Event: 15.673 Thread 0x000002af79850d40 2437       3       java.util.LinkedList::add (7 bytes)
Event: 15.673 Thread 0x000002af79850d40 nmethod 2437 0x000002af00a23510 code [0x000002af00a236a0, 0x000002af00a23868]
Event: 15.674 Thread 0x000002af7984fc30 2438       4       java.util.Properties$LineReader::readLine (584 bytes)
Event: 15.675 Thread 0x000002af79850d40 2439       1       java.util.concurrent.ConcurrentHashMap$MapEntry::getKey (5 bytes)
Event: 15.675 Thread 0x000002af79850d40 nmethod 2439 0x000002af07bc7b90 code [0x000002af07bc7d20, 0x000002af07bc7df8]
Event: 15.675 Thread 0x000002af79850d40 2440       1       java.util.concurrent.ConcurrentHashMap$MapEntry::getValue (5 bytes)
Event: 15.675 Thread 0x000002af79850d40 nmethod 2440 0x000002af07bc7e90 code [0x000002af07bc8020, 0x000002af07bc80f8]

GC Heap History (10 events):
Event: 0.477 GC heap before
{Heap before GC invocations=0 (full 0):
 garbage-first heap   total 65536K, used 12288K [0x00000000c1400000, 0x0000000100000000)
  region size 1024K, 13 young (13312K), 0 survivors (0K)
 Metaspace       used 7311K, committed 7424K, reserved 1056768K
  class space    used 625K, committed 704K, reserved 1048576K
}
Event: 0.484 GC heap after
{Heap after GC invocations=1 (full 0):
 garbage-first heap   total 65536K, used 4838K [0x00000000c1400000, 0x0000000100000000)
  region size 1024K, 2 young (2048K), 2 survivors (2048K)
 Metaspace       used 7311K, committed 7424K, reserved 1056768K
  class space    used 625K, committed 704K, reserved 1048576K
}
Event: 1.026 GC heap before
{Heap before GC invocations=1 (full 0):
 garbage-first heap   total 65536K, used 22246K [0x00000000c1400000, 0x0000000100000000)
  region size 1024K, 15 young (15360K), 2 survivors (2048K)
 Metaspace       used 13763K, committed 13888K, reserved 1064960K
  class space    used 1345K, committed 1408K, reserved 1048576K
}
Event: 1.030 GC heap after
{Heap after GC invocations=2 (full 0):
 garbage-first heap   total 65536K, used 11098K [0x00000000c1400000, 0x0000000100000000)
  region size 1024K, 2 young (2048K), 2 survivors (2048K)
 Metaspace       used 13763K, committed 13888K, reserved 1064960K
  class space    used 1345K, committed 1408K, reserved 1048576K
}
Event: 1.403 GC heap before
{Heap before GC invocations=2 (full 0):
 garbage-first heap   total 65536K, used 29530K [0x00000000c1400000, 0x0000000100000000)
  region size 1024K, 20 young (20480K), 2 survivors (2048K)
 Metaspace       used 18557K, committed 18816K, reserved 1073152K
  class space    used 1910K, committed 2048K, reserved 1048576K
}
Event: 1.408 GC heap after
{Heap after GC invocations=3 (full 0):
 garbage-first heap   total 65536K, used 13805K [0x00000000c1400000, 0x0000000100000000)
  region size 1024K, 3 young (3072K), 3 survivors (3072K)
 Metaspace       used 18557K, committed 18816K, reserved 1073152K
  class space    used 1910K, committed 2048K, reserved 1048576K
}
Event: 1.724 GC heap before
{Heap before GC invocations=3 (full 0):
 garbage-first heap   total 65536K, used 29165K [0x00000000c1400000, 0x0000000100000000)
  region size 1024K, 19 young (19456K), 3 survivors (3072K)
 Metaspace       used 21338K, committed 21504K, reserved 1073152K
  class space    used 2220K, committed 2304K, reserved 1048576K
}
Event: 1.731 GC heap after
{Heap after GC invocations=4 (full 0):
 garbage-first heap   total 65536K, used 16272K [0x00000000c1400000, 0x0000000100000000)
  region size 1024K, 3 young (3072K), 3 survivors (3072K)
 Metaspace       used 21338K, committed 21504K, reserved 1073152K
  class space    used 2220K, committed 2304K, reserved 1048576K
}
Event: 3.168 GC heap before
{Heap before GC invocations=5 (full 0):
 garbage-first heap   total 61440K, used 41872K [0x00000000c1400000, 0x0000000100000000)
  region size 1024K, 28 young (28672K), 3 survivors (3072K)
 Metaspace       used 29555K, committed 29888K, reserved 1081344K
  class space    used 3297K, committed 3456K, reserved 1048576K
}
Event: 3.173 GC heap after
{Heap after GC invocations=6 (full 0):
 garbage-first heap   total 61440K, used 18387K [0x00000000c1400000, 0x0000000100000000)
  region size 1024K, 2 young (2048K), 2 survivors (2048K)
 Metaspace       used 29555K, committed 29888K, reserved 1081344K
  class space    used 3297K, committed 3456K, reserved 1048576K
}

Deoptimization events (20 events):
Event: 11.857 Thread 0x000002af717423c0 Uncommon trap: trap_request=0xffffff45 fr.pc=0x000002af07bb6f64 relative=0x00000000000000c4
Event: 11.857 Thread 0x000002af717423c0 Uncommon trap: reason=unstable_if action=reinterpret pc=0x000002af07bb6f64 method=java.lang.CharacterDataLatin1.digit(II)I @ 12 c2
Event: 11.857 Thread 0x000002af717423c0 DEOPT PACKING pc=0x000002af07bb6f64 sp=0x000000bbce4fd300
Event: 11.857 Thread 0x000002af717423c0 DEOPT UNPACKING pc=0x000002af000523a3 sp=0x000000bbce4fd1b8 mode 2
Event: 11.861 Thread 0x000002af7b9f9740 Uncommon trap: trap_request=0xffffffde fr.pc=0x000002af07b61c20 relative=0x0000000000000900
Event: 11.861 Thread 0x000002af7b9f9740 Uncommon trap: reason=class_check action=maybe_recompile pc=0x000002af07b61c20 method=java.util.HashMap.putVal(ILjava/lang/Object;Ljava/lang/Object;ZZ)Ljava/lang/Object; @ 91 c2
Event: 11.861 Thread 0x000002af7b9f9740 DEOPT PACKING pc=0x000002af07b61c20 sp=0x000000bbd07ff090
Event: 11.861 Thread 0x000002af7b9f9740 DEOPT UNPACKING pc=0x000002af000523a3 sp=0x000000bbd07ff040 mode 2
Event: 11.861 Thread 0x000002af7b9f9740 Uncommon trap: trap_request=0xffffffde fr.pc=0x000002af07b61c20 relative=0x0000000000000900
Event: 11.861 Thread 0x000002af7b9f9740 Uncommon trap: reason=class_check action=maybe_recompile pc=0x000002af07b61c20 method=java.util.HashMap.putVal(ILjava/lang/Object;Ljava/lang/Object;ZZ)Ljava/lang/Object; @ 91 c2
Event: 11.861 Thread 0x000002af7b9f9740 DEOPT PACKING pc=0x000002af07b61c20 sp=0x000000bbd07ff090
Event: 11.861 Thread 0x000002af7b9f9740 DEOPT UNPACKING pc=0x000002af000523a3 sp=0x000000bbd07ff040 mode 2
Event: 11.917 Thread 0x000002af7b9fa0e0 Uncommon trap: trap_request=0xffffff45 fr.pc=0x000002af07b6af2c relative=0x00000000000001ac
Event: 11.917 Thread 0x000002af7b9fa0e0 Uncommon trap: reason=unstable_if action=reinterpret pc=0x000002af07b6af2c method=java.io.ByteArrayInputStream.read()I @ 8 c2
Event: 11.917 Thread 0x000002af7b9fa0e0 DEOPT PACKING pc=0x000002af07b6af2c sp=0x000000bbd08fe850
Event: 11.917 Thread 0x000002af7b9fa0e0 DEOPT UNPACKING pc=0x000002af000523a3 sp=0x000000bbd08fe808 mode 2
Event: 15.674 Thread 0x000002af717423c0 Uncommon trap: trap_request=0xffffff76 fr.pc=0x000002af07b69cc8 relative=0x00000000000009c8
Event: 15.674 Thread 0x000002af717423c0 Uncommon trap: reason=predicate action=maybe_recompile pc=0x000002af07b69cc8 method=java.util.Properties$LineReader.readLine()I @ 209 c2
Event: 15.674 Thread 0x000002af717423c0 DEOPT PACKING pc=0x000002af07b69cc8 sp=0x000000bbce4fd660
Event: 15.674 Thread 0x000002af717423c0 DEOPT UNPACKING pc=0x000002af000523a3 sp=0x000000bbce4fd5d8 mode 2

Classes unloaded (0 events):
No events

Classes redefined (0 events):
No events

Internal exceptions (20 events):
Event: 3.115 Thread 0x000002af717423c0 Exception <a 'java/lang/NoSuchMethodError'{0x00000000c359c250}: 'boolean org.apache.log4j.Logger.isTraceEnabled()'> (0x00000000c359c250) 
thrown [e:\jenkins\tmp\workspace\build\src\src\hotspot\share\interpreter\linkResolver.cpp, line 766]
Event: 3.116 Thread 0x000002af717423c0 Exception <a 'java/lang/NoSuchMethodError'{0x00000000c35adec8}: 'boolean org.apache.log4j.Logger.isTraceEnabled()'> (0x00000000c35adec8) 
thrown [e:\jenkins\tmp\workspace\build\src\src\hotspot\share\interpreter\linkResolver.cpp, line 766]
Event: 3.117 Thread 0x000002af717423c0 Exception <a 'java/lang/NoSuchMethodError'{0x00000000c35b40f8}: 'boolean org.apache.log4j.Logger.isTraceEnabled()'> (0x00000000c35b40f8) 
thrown [e:\jenkins\tmp\workspace\build\src\src\hotspot\share\interpreter\linkResolver.cpp, line 766]
Event: 3.151 Thread 0x000002af717423c0 Exception <a 'java/lang/NoSuchMethodError'{0x00000000c35fb488}: 'boolean org.apache.log4j.Logger.isTraceEnabled()'> (0x00000000c35fb488) 
thrown [e:\jenkins\tmp\workspace\build\src\src\hotspot\share\interpreter\linkResolver.cpp, line 766]
Event: 3.158 Thread 0x000002af717423c0 Exception <a 'java/lang/NoSuchMethodError'{0x00000000c347fc60}: 'boolean org.apache.log4j.Logger.isTraceEnabled()'> (0x00000000c347fc60) 
thrown [e:\jenkins\tmp\workspace\build\src\src\hotspot\share\interpreter\linkResolver.cpp, line 766]
Event: 3.160 Thread 0x000002af717423c0 Exception <a 'java/lang/NoSuchMethodError'{0x00000000c34971f8}: 'boolean org.apache.log4j.Logger.isTraceEnabled()'> (0x00000000c34971f8) 
thrown [e:\jenkins\tmp\workspace\build\src\src\hotspot\share\interpreter\linkResolver.cpp, line 766]
Event: 3.161 Thread 0x000002af717423c0 Exception <a 'java/lang/NoSuchMethodError'{0x00000000c34aaa60}: 'boolean org.apache.log4j.Logger.isTraceEnabled()'> (0x00000000c34aaa60) 
thrown [e:\jenkins\tmp\workspace\build\src\src\hotspot\share\interpreter\linkResolver.cpp, line 766]
Event: 3.185 Thread 0x000002af7b9fa0e0 Exception <a 'java/lang/NoSuchMethodError'{0x00000000c53a5700}: 'boolean org.apache.log4j.Logger.isTraceEnabled()'> (0x00000000c53a5700) 
thrown [e:\jenkins\tmp\workspace\build\src\src\hotspot\share\interpreter\linkResolver.cpp, line 766]
Event: 3.205 Thread 0x000002af7b9fa0e0 Exception <a 'java/lang/NoSuchMethodError'{0x00000000c4ebbfa0}: 'boolean org.apache.log4j.Logger.isTraceEnabled()'> (0x00000000c4ebbfa0) 
thrown [e:\jenkins\tmp\workspace\build\src\src\hotspot\share\interpreter\linkResolver.cpp, line 766]
Event: 3.210 Thread 0x000002af7b9fa0e0 Exception <a 'java/lang/NoSuchMethodError'{0x00000000c4ee6a90}: 'boolean org.apache.log4j.Logger.isTraceEnabled()'> (0x00000000c4ee6a90) 
thrown [e:\jenkins\tmp\workspace\build\src\src\hotspot\share\interpreter\linkResolver.cpp, line 766]
Event: 3.220 Thread 0x000002af7b9fa0e0 Exception <a 'java/lang/NoSuchMethodError'{0x00000000c4d4cde0}: 'boolean org.apache.log4j.Logger.isTraceEnabled()'> (0x00000000c4d4cde0) 
thrown [e:\jenkins\tmp\workspace\build\src\src\hotspot\share\interpreter\linkResolver.cpp, line 766]
Event: 3.228 Thread 0x000002af7b9fa0e0 Exception <a 'java/lang/NoSuchMethodError'{0x00000000c4daade0}: 'boolean org.apache.log4j.Logger.isTraceEnabled()'> (0x00000000c4daade0) 
thrown [e:\jenkins\tmp\workspace\build\src\src\hotspot\share\interpreter\linkResolver.cpp, line 766]
Event: 11.645 Thread 0x000002af7b9fa0e0 Exception <a 'java/lang/NoSuchMethodError'{0x00000000c4cac9a0}: 'boolean org.apache.log4j.Logger.isTraceEnabled()'> (0x00000000c4cac9a0) 
thrown [e:\jenkins\tmp\workspace\build\src\src\hotspot\share\interpreter\linkResolver.cpp, line 766]
Event: 11.787 Thread 0x000002af717423c0 Exception <a 'java/lang/NoSuchMethodError'{0x00000000c4ae38d8}: 'java.lang.Object java.lang.invoke.DirectMethodHandle$Holder.invokeSpecialIFC(java.lang.Object, java.lang.Object, java.lang.Object)'> (0x00000000c4ae38d8) 
thrown [e:\jenkins\tmp\workspace\build\src\src\hotspot\share\interpreter\linkResolver.cpp, line 766]
Event: 11.793 Thread 0x000002af717423c0 Exception <a 'java/lang/NoSuchMethodError'{0x00000000c490eee0}: 'void java.lang.invoke.DirectMethodHandle$Holder.invokeSpecial(java.lang.Object, java.lang.Object, java.lang.Object)'> (0x00000000c490eee0) 
thrown [e:\jenkins\tmp\workspace\build\src\src\hotspot\share\interpreter\linkResolver.cpp, line 766]
Event: 11.827 Thread 0x000002af717423c0 Exception <a 'java/lang/ClassNotFoundException'{0x00000000c49a8708}: sun/util/logging/resources/spi/loggingProvider> (0x00000000c49a8708) 
thrown [e:\jenkins\tmp\workspace\build\src\src\hotspot\share\classfile\systemDictionary.cpp, line 256]
Event: 11.870 Thread 0x000002af717423c0 Exception <a 'java/lang/NoSuchMethodError'{0x00000000c47a3260}: 'boolean org.apache.log4j.Logger.isTraceEnabled()'> (0x00000000c47a3260) 
thrown [e:\jenkins\tmp\workspace\build\src\src\hotspot\share\interpreter\linkResolver.cpp, line 766]
Event: 11.880 Thread 0x000002af7b9fa5b0 Exception <a 'java/lang/NoSuchMethodError'{0x00000000c4657cf8}: 'boolean org.apache.log4j.Logger.isTraceEnabled()'> (0x00000000c4657cf8) 
thrown [e:\jenkins\tmp\workspace\build\src\src\hotspot\share\interpreter\linkResolver.cpp, line 766]
Event: 11.882 Thread 0x000002af7b9fa5b0 Exception <a 'java/lang/NoSuchMethodError'{0x00000000c46732b8}: 'boolean org.apache.log4j.Logger.isTraceEnabled()'> (0x00000000c46732b8) 
thrown [e:\jenkins\tmp\workspace\build\src\src\hotspot\share\interpreter\linkResolver.cpp, line 766]
Event: 15.643 Thread 0x000002af717423c0 Exception <a 'java/lang/NoSuchMethodError'{0x00000000c44b90e0}: 'void java.lang.invoke.DirectMethodHandle$Holder.invokeInterface(java.lang.Object, java.lang.Object)'> (0x00000000c44b90e0) 
thrown [e:\jenkins\tmp\workspace\build\src\src\hotspot\share\interpreter\linkResolver.cpp, line 766]

VM Operations (20 events):
Event: 1.740 Executing VM operation: G1Concurrent
Event: 1.742 Executing VM operation: G1Concurrent done
Event: 1.746 Executing VM operation: G1Concurrent
Event: 1.747 Executing VM operation: G1Concurrent done
Event: 1.767 Executing VM operation: HandshakeAllThreads
Event: 1.767 Executing VM operation: HandshakeAllThreads done
Event: 2.769 Executing VM operation: Cleanup
Event: 2.769 Executing VM operation: Cleanup done
Event: 2.899 Executing VM operation: HandshakeAllThreads
Event: 2.899 Executing VM operation: HandshakeAllThreads done
Event: 2.899 Executing VM operation: HandshakeAllThreads
Event: 2.899 Executing VM operation: HandshakeAllThreads done
Event: 2.901 Executing VM operation: HandshakeAllThreads
Event: 2.901 Executing VM operation: HandshakeAllThreads done
Event: 3.167 Executing VM operation: G1CollectForAllocation
Event: 3.173 Executing VM operation: G1CollectForAllocation done
Event: 4.179 Executing VM operation: Cleanup
Event: 4.179 Executing VM operation: Cleanup done
Event: 12.251 Executing VM operation: Cleanup
Event: 12.251 Executing VM operation: Cleanup done

Events (20 events):
Event: 15.664 loading class org/w3c/dom/CDATASection
Event: 15.664 loading class org/w3c/dom/CDATASection done
Event: 15.664 loading class com/sun/org/apache/xerces/internal/dom/CDATASectionImpl done
Event: 15.664 loading class com/sun/org/apache/xerces/internal/dom/DeferredCDATASectionImpl done
Event: 15.664 loading class com/sun/org/apache/xerces/internal/dom/DeepNodeListImpl
Event: 15.665 loading class com/sun/org/apache/xerces/internal/dom/DeepNodeListImpl done
Event: 15.671 loading class java/util/ResourceBundle$ResourceBundleControlProviderHolder
Event: 15.671 loading class java/util/ResourceBundle$ResourceBundleControlProviderHolder done
Event: 15.671 loading class java/util/spi/ResourceBundleControlProvider
Event: 15.671 loading class java/util/spi/ResourceBundleControlProvider done
Event: 15.671 loading class java/util/ServiceLoader$ProviderSpliterator
Event: 15.672 loading class java/util/ServiceLoader$ProviderSpliterator done
Event: 15.672 loading class java/util/ImmutableCollections$Access
Event: 15.672 loading class java/util/ImmutableCollections$Access done
Event: 15.672 loading class java/util/ImmutableCollections$Access$1
Event: 15.672 loading class jdk/internal/access/JavaUtilCollectionAccess
Event: 15.672 loading class jdk/internal/access/JavaUtilCollectionAccess done
Event: 15.672 loading class java/util/ImmutableCollections$Access$1 done
Event: 15.674 loading class java/util/ResourceBundle$Control$2
Event: 15.674 loading class java/util/ResourceBundle$Control$2 done


Dynamic libraries:
0x00007ff6be060000 - 0x00007ff6be06e000 	C:\Users\anamendra.y(2420)\.p2\pool\plugins\org.eclipse.justj.openjdk.hotspot.jre.full.win32.x86_64_17.0.1.v20211116-1657\jre\bin\javaw.exe
0x00007ffdf20b0000 - 0x00007ffdf22a5000 	C:\WINDOWS\SYSTEM32\ntdll.dll
0x00007ffdf1fb0000 - 0x00007ffdf206e000 	C:\WINDOWS\System32\KERNEL32.DLL
0x00007ffdef7c0000 - 0x00007ffdefa88000 	C:\WINDOWS\System32\KERNELBASE.dll
0x00007ffdefc40000 - 0x00007ffdefd40000 	C:\WINDOWS\System32\ucrtbase.dll
0x00007ffddc830000 - 0x00007ffddc848000 	C:\Users\anamendra.y(2420)\.p2\pool\plugins\org.eclipse.justj.openjdk.hotspot.jre.full.win32.x86_64_17.0.1.v20211116-1657\jre\bin\jli.dll
0x00007ffdf0f70000 - 0x00007ffdf1111000 	C:\WINDOWS\System32\USER32.dll
0x00007ffdefef0000 - 0x00007ffdeff12000 	C:\WINDOWS\System32\win32u.dll
0x00007ffdf0f40000 - 0x00007ffdf0f6b000 	C:\WINDOWS\System32\GDI32.dll
0x00007ffdefb30000 - 0x00007ffdefc3d000 	C:\WINDOWS\System32\gdi32full.dll
0x00007ffdefa90000 - 0x00007ffdefb2d000 	C:\WINDOWS\System32\msvcp_win.dll
0x00007ffdd9790000 - 0x00007ffdd97a9000 	C:\Users\anamendra.y(2420)\.p2\pool\plugins\org.eclipse.justj.openjdk.hotspot.jre.full.win32.x86_64_17.0.1.v20211116-1657\jre\bin\VCRUNTIME140.dll
0x00007ffdeeb60000 - 0x00007ffdeedfa000 	C:\WINDOWS\WinSxS\amd64_microsoft.windows.common-controls_6595b64144ccf1df_6.0.19041.1110_none_60b5254171f9507e\COMCTL32.dll
0x00007ffdf1640000 - 0x00007ffdf16de000 	C:\WINDOWS\System32\msvcrt.dll
0x00007ffdf17d0000 - 0x00007ffdf1800000 	C:\WINDOWS\System32\IMM32.DLL
0x00007ffde0400000 - 0x00007ffde040c000 	C:\Users\anamendra.y(2420)\.p2\pool\plugins\org.eclipse.justj.openjdk.hotspot.jre.full.win32.x86_64_17.0.1.v20211116-1657\jre\bin\vcruntime140_1.dll
0x00007ffdd1120000 - 0x00007ffdd11b1000 	C:\Users\anamendra.y(2420)\.p2\pool\plugins\org.eclipse.justj.openjdk.hotspot.jre.full.win32.x86_64_17.0.1.v20211116-1657\jre\bin\msvcp140.dll
0x00007ffda9d20000 - 0x00007ffdaa966000 	C:\Users\anamendra.y(2420)\.p2\pool\plugins\org.eclipse.justj.openjdk.hotspot.jre.full.win32.x86_64_17.0.1.v20211116-1657\jre\bin\server\jvm.dll
0x00007ffdf1f00000 - 0x00007ffdf1fac000 	C:\WINDOWS\System32\ADVAPI32.dll
0x00007ffdf0d70000 - 0x00007ffdf0e0b000 	C:\WINDOWS\System32\sechost.dll
0x00007ffdf0e10000 - 0x00007ffdf0f3a000 	C:\WINDOWS\System32\RPCRT4.dll
0x00007ffdf1dc0000 - 0x00007ffdf1dc8000 	C:\WINDOWS\System32\PSAPI.DLL
0x00007ffddc7f0000 - 0x00007ffddc7f9000 	C:\WINDOWS\SYSTEM32\WSOCK32.dll
0x00007ffdf13b0000 - 0x00007ffdf141b000 	C:\WINDOWS\System32\WS2_32.dll
0x00007ffde34f0000 - 0x00007ffde3517000 	C:\WINDOWS\SYSTEM32\WINMM.dll
0x00007ffdedf40000 - 0x00007ffdedf4a000 	C:\WINDOWS\SYSTEM32\VERSION.dll
0x00007ffdedf00000 - 0x00007ffdedf12000 	C:\WINDOWS\SYSTEM32\kernel.appcore.dll
0x00007ffdec970000 - 0x00007ffdec97a000 	C:\Users\anamendra.y(2420)\.p2\pool\plugins\org.eclipse.justj.openjdk.hotspot.jre.full.win32.x86_64_17.0.1.v20211116-1657\jre\bin\jimage.dll
0x00007ffdeef40000 - 0x00007ffdef124000 	C:\WINDOWS\SYSTEM32\DBGHELP.DLL
0x00007ffdeef10000 - 0x00007ffdeef3c000 	C:\WINDOWS\SYSTEM32\dbgcore.DLL
0x00007ffdf0030000 - 0x00007ffdf00b2000 	C:\WINDOWS\System32\bcryptPrimitives.dll
0x00007ffddefa0000 - 0x00007ffddefc5000 	C:\Users\anamendra.y(2420)\.p2\pool\plugins\org.eclipse.justj.openjdk.hotspot.jre.full.win32.x86_64_17.0.1.v20211116-1657\jre\bin\java.dll
0x00007ffdead20000 - 0x00007ffdead38000 	C:\Users\anamendra.y(2420)\.p2\pool\plugins\org.eclipse.justj.openjdk.hotspot.jre.full.win32.x86_64_17.0.1.v20211116-1657\jre\bin\zip.dll
0x00007ffdf00f0000 - 0x00007ffdf0834000 	C:\WINDOWS\System32\SHELL32.dll
0x00007ffded0a0000 - 0x00007ffded834000 	C:\WINDOWS\SYSTEM32\windows.storage.dll
0x00007ffdf1800000 - 0x00007ffdf1b55000 	C:\WINDOWS\System32\combase.dll
0x00007ffdeeac0000 - 0x00007ffdeeaee000 	C:\WINDOWS\SYSTEM32\Wldp.dll
0x00007ffdf0cc0000 - 0x00007ffdf0d6d000 	C:\WINDOWS\System32\SHCORE.dll
0x00007ffdf1d60000 - 0x00007ffdf1db5000 	C:\WINDOWS\System32\shlwapi.dll
0x00007ffdef700000 - 0x00007ffdef71f000 	C:\WINDOWS\SYSTEM32\profapi.dll
0x00007ffdeacd0000 - 0x00007ffdeace9000 	C:\Users\anamendra.y(2420)\.p2\pool\plugins\org.eclipse.justj.openjdk.hotspot.jre.full.win32.x86_64_17.0.1.v20211116-1657\jre\bin\net.dll
0x00007ffde9f10000 - 0x00007ffdea01c000 	C:\WINDOWS\SYSTEM32\WINHTTP.dll
0x00007ffdee990000 - 0x00007ffdee9fa000 	C:\WINDOWS\system32\mswsock.dll
0x00007ffde0640000 - 0x00007ffde0655000 	C:\Users\anamendra.y(2420)\.p2\pool\plugins\org.eclipse.justj.openjdk.hotspot.jre.full.win32.x86_64_17.0.1.v20211116-1657\jre\bin\nio.dll
0x00007ffdee550000 - 0x00007ffdee61b000 	C:\WINDOWS\SYSTEM32\DNSAPI.dll
0x00007ffdee510000 - 0x00007ffdee54b000 	C:\WINDOWS\SYSTEM32\IPHLPAPI.DLL
0x00007ffdf11f0000 - 0x00007ffdf11f8000 	C:\WINDOWS\System32\NSI.dll
0x00007ffde5ea0000 - 0x00007ffde5eaa000 	C:\Windows\System32\rasadhlp.dll
0x00007ffde9e90000 - 0x00007ffde9f0f000 	C:\WINDOWS\System32\fwpuclnt.dll
0x00007ffdf00c0000 - 0x00007ffdf00e7000 	C:\WINDOWS\System32\bcrypt.dll
0x00007ffdef470000 - 0x00007ffdef488000 	C:\WINDOWS\SYSTEM32\CRYPTSP.dll
0x00007ffdee1c0000 - 0x00007ffdee1f4000 	C:\WINDOWS\system32\rsaenh.dll
0x00007ffdef6c0000 - 0x00007ffdef6ee000 	C:\WINDOWS\SYSTEM32\USERENV.dll
0x00007ffdeea80000 - 0x00007ffdeea8c000 	C:\WINDOWS\SYSTEM32\CRYPTBASE.dll
0x00007ffde9860000 - 0x00007ffde9877000 	C:\WINDOWS\SYSTEM32\dhcpcsvc6.DLL
0x00007ffde97c0000 - 0x00007ffde97dd000 	C:\WINDOWS\SYSTEM32\dhcpcsvc.DLL
0x00007ffde5eb0000 - 0x00007ffde5ec0000 	C:\Users\anamendra.y(2420)\.p2\pool\plugins\org.eclipse.justj.openjdk.hotspot.jre.full.win32.x86_64_17.0.1.v20211116-1657\jre\bin\verify.dll
0x00007ffde5ee0000 - 0x00007ffde5eee000 	C:\Users\anamendra.y(2420)\.p2\pool\plugins\org.eclipse.justj.openjdk.hotspot.jre.full.win32.x86_64_17.0.1.v20211116-1657\jre\bin\sunmscapi.dll
0x00007ffdefd90000 - 0x00007ffdefee6000 	C:\WINDOWS\System32\CRYPT32.dll
0x00007ffdeeb30000 - 0x00007ffdeeb57000 	C:\WINDOWS\SYSTEM32\ncrypt.dll
0x00007ffdeeaf0000 - 0x00007ffdeeb2b000 	C:\WINDOWS\SYSTEM32\NTASN1.dll
0x00007ffddff50000 - 0x00007ffddff59000 	C:\Users\anamendra.y(2420)\.p2\pool\plugins\org.eclipse.justj.openjdk.hotspot.jre.full.win32.x86_64_17.0.1.v20211116-1657\jre\bin\management.dll
0x00007ffddff30000 - 0x00007ffddff3b000 	C:\Users\anamendra.y(2420)\.p2\pool\plugins\org.eclipse.justj.openjdk.hotspot.jre.full.win32.x86_64_17.0.1.v20211116-1657\jre\bin\management_ext.dll
0x00007ffddf990000 - 0x00007ffddf997000 	C:\WINDOWS\system32\wshunix.dll
0x00007ffddc340000 - 0x00007ffddc357000 	C:\WINDOWS\system32\napinsp.dll
0x00007ffddc180000 - 0x00007ffddc19b000 	C:\WINDOWS\system32\pnrpnsp.dll
0x00007ffddc160000 - 0x00007ffddc175000 	C:\WINDOWS\system32\wshbth.dll
0x00007ffdeaab0000 - 0x00007ffdeaacd000 	C:\WINDOWS\system32\NLAapi.dll
0x00007ffddc120000 - 0x00007ffddc132000 	C:\WINDOWS\System32\winrnr.dll

dbghelp: loaded successfully - version: 4.0.5 - missing functions: none
symbol engine: initialized successfully - sym options: 0x614 - pdb path: .;C:\Users\anamendra.y(2420)\.p2\pool\plugins\org.eclipse.justj.openjdk.hotspot.jre.full.win32.x86_64_17.0.1.v20211116-1657\jre\bin;C:\WINDOWS\SYSTEM32;C:\WINDOWS\WinSxS\amd64_microsoft.windows.common-controls_6595b64144ccf1df_6.0.19041.1110_none_60b5254171f9507e;C:\Users\anamendra.y(2420)\.p2\pool\plugins\org.eclipse.justj.openjdk.hotspot.jre.full.win32.x86_64_17.0.1.v20211116-1657\jre\bin\server

VM Arguments:
jvm_args: -ea -Dfile.encoding=Cp1252 -XX:+ShowCodeDetailsInExceptionMessages 
java_command: org.testng.remote.RemoteTestNG -serport 54717 -protocol json -d D:\ws\E$ignlyNew\ESignlyNew\test-output D:\ws\E$ignlyNew\ESignlyNew\testng.xml
java_class_path (initial): C:\Users\anamendra.y(2420)\eclipse\java-2021-12\eclipse\configuration\org.eclipse.osgi\429\0\.cp\lib\testng-remote.jar;D:\ws\E$ignlyNew\ESignlyNew\target\test-classes;D:\ws\E$ignlyNew\ESignlyNew\target\classes;C:\Users\anamendra.y(2420)\.p2\pool\plugins\org.testng_7.4.0.r202105021533.jar;C:\Users\anamendra.y(2420)\.p2\pool\plugins\com.beust.jcommander_1.78.0.jar;C:\Users\anamendra.y(2420)\.p2\pool\plugins\org.apache-extras.beanshell.bsh_2.0.0.b6.jar;C:\Users\anamendra.y(2420)\.p2\pool\plugins\org.yaml.snakeyaml_1.21.0.jar;C:\Users\anamendra.y(2420)\.p2\pool\plugins\org.webjars.jquery_3.5.1.jar;C:\Users\anamendra.y(2420)\.m2\repository\org\seleniumhq\selenium\selenium-java\4.1.4\selenium-java-4.1.4.jar;C:\Users\anamendra.y(2420)\.m2\repository\org\seleniumhq\selenium\selenium-api\4.1.4\selenium-api-4.1.4.jar;C:\Users\anamendra.y(2420)\.m2\repository\org\seleniumhq\selenium\selenium-chrome-driver\4.1.4\selenium-chrome-driver-4.1.4.jar;C:\Users\anamendra.y(2420)\.m2\repository\com\google\auto\service\auto-service-annotations\1.0.1\auto-service-annotations-1.0.1.jar;C:\Users\anamendra.y(2420)\.m2\repository\com\google\auto\service\auto-service\1.0.1\auto-service-1.0.1.jar;C:\Users\anamendra.y(2420)\.m2\repository\com\google\auto\auto-common\1.2\auto-common-1.2.jar;C:\Users\anamendra.y(2420)\.m2\repository\com\google\guava\guava\31.1-jre\guava-31.1-jre.jar;C:\Users\anamendra.y(2420)\.m2\repository\com\google\guava\failureaccess\1.0.1\failureaccess-1.0.1.jar;C:\Users\anamendra.y(2420)\.m2\repository\com\google\guava\listenablefuture\9999.0-empty-to-avoid-conflict-with-guava\listenablefuture-9999.0-empty-to-avoid-conflict-with-guava.jar;C:\Users\anamendra.y(2420)\.m2\repository\com\google\code\findbugs\jsr305\3.0.2\jsr305-3.0.2.jar;C:\Users\anamendra.y(2420)\.m2\repository\org\checkerframework\checker-qual\3.12.0\checker-qual-3.12.0.jar;C:\Users\anamendra.y(2420)\.m2\repository\com\google\errorprone\error_prone_annotations\2.11.0\error_prone_an
Launcher Type: SUN_STANDARD

[Global flags]
     intx CICompilerCount                          = 3                                         {product} {ergonomic}
     uint ConcGCThreads                            = 1                                         {product} {ergonomic}
     uint G1ConcRefinementThreads                  = 4                                         {product} {ergonomic}
   size_t G1HeapRegionSize                         = 1048576                                   {product} {ergonomic}
    uintx GCDrainStackTargetSize                   = 64                                        {product} {ergonomic}
   size_t InitialHeapSize                          = 67108864                                  {product} {ergonomic}
   size_t MarkStackSize                            = 4194304                                   {product} {ergonomic}
   size_t MaxHeapSize                              = 1052770304                                {product} {ergonomic}
   size_t MaxNewSize                               = 631242752                                 {product} {ergonomic}
   size_t MinHeapDeltaBytes                        = 1048576                                   {product} {ergonomic}
   size_t MinHeapSize                              = 8388608                                   {product} {ergonomic}
    uintx NonNMethodCodeHeapSize                   = 5832780                                {pd product} {ergonomic}
    uintx NonProfiledCodeHeapSize                  = 122912730                              {pd product} {ergonomic}
    uintx ProfiledCodeHeapSize                     = 122912730                              {pd product} {ergonomic}
    uintx ReservedCodeCacheSize                    = 251658240                              {pd product} {ergonomic}
     bool SegmentedCodeCache                       = true                                      {product} {ergonomic}
     bool ShowCodeDetailsInExceptionMessages       = true                                   {manageable} {command line}
   size_t SoftMaxHeapSize                          = 1052770304                             {manageable} {ergonomic}
     bool UseCompressedClassPointers               = true                           {product lp64_product} {ergonomic}
     bool UseCompressedOops                        = true                           {product lp64_product} {ergonomic}
     bool UseG1GC                                  = true                                      {product} {ergonomic}
     bool UseLargePagesIndividualAllocation        = false                                  {pd product} {ergonomic}

Logging:
Log output configuration:
 #0: stdout all=warning uptime,level,tags
 #1: stderr all=off uptime,level,tags

Environment Variables:
JAVA_HOME=C:\Program Files\Java\jdk1.8.0_121
PATH=C:/Users/anamendra.y(2420)/.p2/pool/plugins/org.eclipse.justj.openjdk.hotspot.jre.full.win32.x86_64_17.0.1.v20211116-1657/jre/bin/server;C:/Users/anamendra.y(2420)/.p2/pool/plugins/org.eclipse.justj.openjdk.hotspot.jre.full.win32.x86_64_17.0.1.v20211116-1657/jre/bin;C:\Users\anamendra.y(2420)\AppData\Local\Programs\Python\Python310\Scripts\;C:\Users\anamendra.y(2420)\AppData\Local\Programs\Python\Python310\;"C:\Program Files\nodejs\node_modules\npm\bin;C:\Users\anamendra.y(2420)\Downloads\chromedriver_win32;";C:\Python310\;C:\Program Files (x86)\Common Files\Oracle\Java\javapath;C:\Program Files (x86)\Intel\iCLS Client\;C:\Users\anamendra.y(2420)\Downloads\apache-ant-1.10.12\apache-ant-1.10.12\bin;C:\Program Files\Intel\iCLS Client\;C:\WINDOWS\system32;C:\WINDOWS;C:\WINDOWS\System32\Wbem;C:\WINDOWS\System32\WindowsPowerShell\v1.0\;C:\Program Files\Intel\Intel(R) Management Engine Components\DAL;C:\Program Files\Intel\Intel(R) Management Engine Components\IPT;C:\Program Files (x86)\Intel\Intel(R) Management Engine Components\DAL;C:\Program Files (x86)\Intel\Intel(R) Management Engine Components\IPT;C:\WINDOWS\System32\OpenSSH\;D:\Softwares\apache-jmeter-5.2.1\apache-jmeter-5.2.1\bin;D:\apache-ant-1.9.9\bin;C:\Program Files\nodejs\;C:\Program Files (x86)\dotnet\;C:\ProgramData\chocolatey\bin;C:\Program Files\Microsoft VS Code\bin;C:\apache-maven-3.8.4\bin;C:\Program Files\dotnet\;C:\Program Files\Java\jdk1.8.0_121\bin;C:\Users\anamendra.y(2420)\AppData\Local\Android\Sdk\tools;C:\Users\anamendra.y(2420)\AppData\Local\Android\Sdk\platform-tools;C:\Program Files\Git\cmd;C:\Users\anamendra.y(2420)\AppData\Local\Microsoft\WindowsApps;C:\Users\anamendra.y(2420)\AppData\Roaming\npm;C:\Users\anamendra.y(2420)\.dotnet\tools;C:\WINDOWS\system32;
USERNAME=anamendra.y(2420)
OS=Windows_NT
PROCESSOR_IDENTIFIER=Intel64 Family 6 Model 60 Stepping 3, GenuineIntel



---------------  S Y S T E M  ---------------

OS:
 Windows 10 , 64 bit Build 19041 (10.0.19041.1348)
OS uptime: 11 days 3:24 hours

CPU: total 4 (initial active 4) (4 cores per cpu, 1 threads per core) family 6 model 60 stepping 3 microcode 0x27, cx8, cmov, fxsr, mmx, sse, sse2, sse3, ssse3, sse4.1, sse4.2, popcnt, lzcnt, tsc, tscinvbit, avx, avx2, aes, erms, clmul, bmi1, bmi2, fma, vzeroupper, clflush

Memory: 4k page, system-wide physical 4013M (274M free)
TotalPageFile size 10526M (AvailPageFile size 48M)
current process WorkingSet (physical memory assigned to process): 149M, peak: 153M
current process commit charge ("private bytes"): 186M, peak: 191M

vm_info: OpenJDK 64-Bit Server VM (17.0.1+12) for windows-amd64 JRE (17.0.1+12), built on Oct 20 2021 07:42:55 by "" with MS VC++ 16.7 (VS2019)

END.
